<?xml version="1.0" encoding="UTF-8"?>
<!-- Generated by org.testng.reporters.JUnitReportReporter -->
<testsuite hostname="Al-Amin" failures="0" tests="1" name="testcases.TestLogin" time="16.103" errors="0" timestamp="2024-01-17T23:01:07 BDT" skipped="0">
  <testcase classname="testcases.TestLogin" name="LoginTest" time="16.103"/>
</testsuite> <!-- testcases.TestLogin -->
